DEBUG 2021-07-28 14:10:05 - TokenCachingStore - Construtor (Início)
DEBUG 2021-07-28 14:10:05 - TokenCachingStore - Construtor (Fim)
DEBUG 2021-07-28 14:10:05 - ----------------------------------------------------
DEBUG 2021-07-28 14:10:05 - LoggedBaseController.OnActionExecutionAsync (Início)
DEBUG 2021-07-28 14:10:05 - IV-USER: 
DEBUG 2021-07-28 14:10:05 - PD-UID: 
DEBUG 2021-07-28 14:10:05 - LoggedBaseController.OnActionExecutionAsync (Fim)
DEBUG 2021-07-28 14:10:05 - next: Microsoft.AspNetCore.Mvc.Filters.ActionExecutionDelegate
DEBUG 2021-07-28 14:10:05 - ----------------------------------------------------
DEBUG 2021-07-28 14:10:06 - LoggedBaseController.AuthenticationError() (Início)
DEBUG 2021-07-28 14:10:06 - LoggedBaseController.AuthenticationError() - Redirect para a LoginURL: /PortalOne/login.html
DEBUG 2021-07-28 14:10:06 - LoggedBaseController.AuthenticationError() (Fim)
DEBUG 2021-07-28 14:10:37 - TokenCachingStore - Construtor (Início)
DEBUG 2021-07-28 14:10:37 - TokenCachingStore - Construtor (Fim)
DEBUG 2021-07-28 14:10:37 - TokenCachingStore.Remove (Início / Fim)
DEBUG 2021-07-28 14:10:37 - TokenCachingStore.FetchToken - Obtendo o Token (Início)
DEBUG 2021-07-28 14:10:37 - TokenCachingStore.FetchToken - Chamando a GetTokenFromApi (Início)
DEBUG 2021-07-28 14:10:38 - TokenCachingStore.GetTokenFromApi - Início
DEBUG 2021-07-28 14:10:38 - TokenCachingStore.GetTokenFromApi - httpClient.PostAsync (Início)
DEBUG 2021-07-28 14:10:38 - accessTokenUrl: https://qa-br-api-gateway.bayer.biz/oauth/access-token
DEBUG 2021-07-28 14:10:38 - payload (Headers.ContentType.CharSet): utf-8
DEBUG 2021-07-28 14:10:38 - payload (Headers.ContentType.MediaType): application/json
DEBUG 2021-07-28 14:10:38 - TokenCachingStore.GetTokenFromApi - httpClient.PostAsync - tentativa 1
DEBUG 2021-07-28 14:10:39 - TokenCachingStore.GetTokenFromApi - httpClient.PostAsync - codRetorno: 201
DEBUG 2021-07-28 14:10:39 - TokenCachingStore.GetTokenFromApi - httpClient.PostAsync - token: {"access_token":"bb9be700-c248-3992-9996-a75e47b1ae6a","token_type":"access_token","expires_in":3600}
DEBUG 2021-07-28 14:10:39 - TokenCachingStore.GetTokenFromApi - httpClient.PostAsync (Fim)
DEBUG 2021-07-28 14:10:39 - TokenCachingStore.GetTokenFromApi - Fim
DEBUG 2021-07-28 14:10:39 - TokenCachingStore.FetchToken - Chamando a GetTokenFromApi (Fim)
DEBUG 2021-07-28 14:10:39 - TokenCachingStore.FetchToken - Obtendo o Token (Fim)
DEBUG 2021-07-28 14:10:39 - AuthenticationBO.Login - Início
DEBUG 2021-07-28 14:10:40 - AuthenticationBO.Login - httpClient.PostAsync - codRetorno: 200
DEBUG 2021-07-28 14:10:40 - AuthenticationBO.Login - httpClient.PostAsync - token: {"result": {"code": 1, "description": "Your login attempt was successful!", "errorResult": ""}, "return": {"nameUser": "José Alves", "email": "jose.alves3.ext@bayer.com", "isInternal": false, "systemName": "Pegasus", "cwid": "ELWKU", "dtLastLogin": null, "roles": [{"name": "QA-CS-Pegasus_Administrador", "description": null, "owners": "BRBGW;EUNON;GICSW", "approveRequired": false, "level": {"name": "Administrador", "restrictionCodes": null}}], "complementaryFields": []}}
DEBUG 2021-07-28 14:10:40 - AuthenticationBO.Login - Fim
DEBUG 2021-07-28 14:10:40 - TokenCachingStore - Construtor (Início)
DEBUG 2021-07-28 14:10:40 - TokenCachingStore - Construtor (Fim)
DEBUG 2021-07-28 14:10:40 - ----------------------------------------------------
DEBUG 2021-07-28 14:10:40 - LoggedBaseController.OnActionExecutionAsync (Início)
DEBUG 2021-07-28 14:10:40 - IV-USER: ELWKU
DEBUG 2021-07-28 14:10:40 - PD-UID: 
DEBUG 2021-07-28 14:10:40 - User.Identity.IsAuthenticated: False
DEBUG 2021-07-28 14:10:40 - User.Identity.Name: 
DEBUG 2021-07-28 14:10:40 - !User.Identity.IsAuthenticated || User.Identity.Name != user
DEBUG 2021-07-28 14:10:40 - user: ELWKU
DEBUG 2021-07-28 14:10:40 - model.AppId: caa0f8bb-210e-41ac-b38b-3404cf46f185
DEBUG 2021-07-28 14:10:40 - model.CultureName: en-us
DEBUG 2021-07-28 14:10:40 - model.IP: ::1
DEBUG 2021-07-28 14:10:40 - model.Login: ELWKU
DEBUG 2021-07-28 14:10:40 - model: Bayer.Pegasus.Entities.Api.LoginSSOViewModel
DEBUG 2021-07-28 14:10:40 - accessToken.ClientHash: NzEzZTM0NTAtMTU2My0zYWQzLWJmNzUtNmFkMTU4ZDFhZjBiOjMzMmY2ODVhLTI0OGItMzUxZS05ZDAzLTg5NDlmNDU1NzI3OA==
DEBUG 2021-07-28 14:10:40 - TokenCachingStore.FetchToken - Obtendo o Token (Início)
DEBUG 2021-07-28 14:10:40 - TokenCachingStore.FetchToken - Obtendo o Token (Fim)
DEBUG 2021-07-28 14:10:40 - token: bb9be700-c248-3992-9996-a75e47b1ae6a
DEBUG 2021-07-28 14:10:40 - AuthenticationBO.LoginSSO - Início
DEBUG 2021-07-28 14:10:40 - AuthenticationBO.LoginSSO - httpClient.PostAsync (Início)
DEBUG 2021-07-28 14:10:40 - LoginSSOUrl: https://qa-br-api-gateway.bayer.biz/cp/authservices/2.0/loginsso
DEBUG 2021-07-28 14:10:40 - payload (Headers.ContentType.CharSet): utf-8
DEBUG 2021-07-28 14:10:40 - payload (Headers.ContentType.MediaType): application/json
DEBUG 2021-07-28 14:10:40 - AuthenticationBO.LoginSSO - httpClient.PostAsync - tentativa 1
DEBUG 2021-07-28 14:10:42 - AuthenticationBO.LoginSSO - httpClient.PostAsync - codRetorno: 200
DEBUG 2021-07-28 14:10:42 - AuthenticationBO.LoginSSO - httpClient.PostAsync - token: {"result": {"code": 1, "description": "Your login attempt was successful!", "errorResult": ""}, "return": {"nameUser": "José Alves", "email": "jose.alves3.ext@bayer.com", "isInternal": false, "systemName": "Pegasus", "cwid": "ELWKU", "dtLastLogin": null, "roles": [{"name": "QA-CS-Pegasus_Administrador", "description": null, "owners": "BRBGW;EUNON;GICSW", "approveRequired": false, "level": {"name": "Administrador", "restrictionCodes": null}}], "complementaryFields": []}}
DEBUG 2021-07-28 14:10:42 - AuthenticationBO.LoginSSO - httpClient.PostAsync (Fim)
DEBUG 2021-07-28 14:10:42 - AuthenticationBO.LoginSSO - Fim
DEBUG 2021-07-28 14:10:42 - output: {"result":{"code":1,"description":null,"culture":null,"clientid":"713e3450-1563-3ad3-bf75-6ad158d1af0b","accesstoken":"bb9be700-c248-3992-9996-a75e47b1ae6a"},"return":{"nameUser":"José Alves","email":"jose.alves3.ext@bayer.com","isInternal":false,"systemName":"Pegasus","cwid":"ELWKU","dtLastLogin":"0001-01-01T00:00:00","roles":[{"name":"QA-CS-Pegasus_Administrador","level":{"name":"Administrador","restrictionCodes":null}}],"complementaryFields":null}}
DEBUG 2021-07-28 14:10:42 - rolls: [
  {
    "name": "QA-CS-Pegasus_Administrador",
    "level": {
      "name": "Administrador",
      "restrictionCodes": null
    }
  }
]
DEBUG 2021-07-28 14:10:42 - roles: System.Collections.Generic.List`1[Bayer.Pegasus.Entities.Api.RoleModel]
DEBUG 2021-07-28 14:10:42 - var rl: Bayer.Pegasus.Entities.Api.ReturnModel
DEBUG 2021-07-28 14:10:42 - AuthService: Role não está NULL
DEBUG 2021-07-28 14:10:42 - _logger.LogInformation(role.Name): QA-CS-Pegasus_Administrador
DEBUG 2021-07-28 14:10:42 - roleName: QA-CS-Pegasus_Administrador
DEBUG 2021-07-28 14:10:42 - levelName: Administrador
DEBUG 2021-07-28 14:10:42 - claimRole: http://schemas.microsoft.com/ws/2008/06/identity/claims/role: QA-CS-Pegasus_Administrador
DEBUG 2021-07-28 14:10:42 - claims: System.Collections.Generic.List`1[System.Security.Claims.Claim]
DEBUG 2021-07-28 14:10:42 - HttpContext.SignInAsync CookieAuthenticationDefaults.AuthenticationScheme: Cookies
DEBUG 2021-07-28 14:10:42 - HttpContext.SignInAsync userPrincipal: System.Security.Claims.ClaimsPrincipal
DEBUG 2021-07-28 14:10:42 - HttpContext.SignInAsync authProperties: Microsoft.AspNetCore.Authentication.AuthenticationProperties
DEBUG 2021-07-28 14:10:42 - LoggedBaseController.OnActionExecutionAsync (Fim)
DEBUG 2021-07-28 14:10:42 - next: Microsoft.AspNetCore.Mvc.Filters.ActionExecutionDelegate
DEBUG 2021-07-28 14:10:42 - ----------------------------------------------------
DEBUG 2021-07-28 14:10:42 - LoggedBaseController.GetGenericReportModel (Início)
DEBUG 2021-07-28 14:10:42 - LoggedBaseController.GetGenericReportModel (Fim)
DEBUG 2021-07-28 14:10:56 - TokenCachingStore - Construtor (Início)
DEBUG 2021-07-28 14:10:56 - TokenCachingStore - Construtor (Fim)
DEBUG 2021-07-28 14:10:56 - ----------------------------------------------------
DEBUG 2021-07-28 14:10:56 - LoggedBaseController.OnActionExecutionAsync (Início)
DEBUG 2021-07-28 14:10:56 - IV-USER: 
DEBUG 2021-07-28 14:10:56 - PD-UID: 
DEBUG 2021-07-28 14:10:56 - LoggedBaseController.OnActionExecutionAsync (Fim)
DEBUG 2021-07-28 14:10:56 - next: Microsoft.AspNetCore.Mvc.Filters.ActionExecutionDelegate
DEBUG 2021-07-28 14:10:56 - ----------------------------------------------------
DEBUG 2021-07-28 14:10:56 - LoggedBaseController.GetGenericReportModel (Início)
DEBUG 2021-07-28 14:10:56 - LoggedBaseController.GetGenericReportModel (Fim)
DEBUG 2021-07-28 14:11:01 - TokenCachingStore - Construtor (Início)
DEBUG 2021-07-28 14:11:01 - TokenCachingStore - Construtor (Fim)
DEBUG 2021-07-28 14:11:01 - TokenCachingStore - Construtor (Início)
DEBUG 2021-07-28 14:11:01 - TokenCachingStore - Construtor (Fim)
DEBUG 2021-07-28 14:11:01 - TokenCachingStore - Construtor (Início)
DEBUG 2021-07-28 14:11:01 - TokenCachingStore - Construtor (Fim)
DEBUG 2021-07-28 14:11:01 - ----------------------------------------------------
DEBUG 2021-07-28 14:11:01 - LoggedBaseController.OnActionExecutionAsync (Início)
DEBUG 2021-07-28 14:11:01 - IV-USER: 
DEBUG 2021-07-28 14:11:01 - PD-UID: 
DEBUG 2021-07-28 14:11:01 - LoggedBaseController.OnActionExecutionAsync (Fim)
DEBUG 2021-07-28 14:11:01 - next: Microsoft.AspNetCore.Mvc.Filters.ActionExecutionDelegate
DEBUG 2021-07-28 14:11:01 - ----------------------------------------------------
DEBUG 2021-07-28 14:11:01 - TokenCachingStore - Construtor (Início)
DEBUG 2021-07-28 14:11:01 - TokenCachingStore - Construtor (Fim)
DEBUG 2021-07-28 14:11:01 - ----------------------------------------------------
DEBUG 2021-07-28 14:11:01 - LoggedBaseController.OnActionExecutionAsync (Início)
DEBUG 2021-07-28 14:11:01 - IV-USER: 
DEBUG 2021-07-28 14:11:01 - PD-UID: 
DEBUG 2021-07-28 14:11:01 - LoggedBaseController.OnActionExecutionAsync (Fim)
DEBUG 2021-07-28 14:11:01 - next: Microsoft.AspNetCore.Mvc.Filters.ActionExecutionDelegate
DEBUG 2021-07-28 14:11:01 - ----------------------------------------------------
DEBUG 2021-07-28 14:11:01 - TokenCachingStore.FetchToken - Obtendo o Token (Início)
DEBUG 2021-07-28 14:11:01 - TokenCachingStore.FetchToken - Obtendo o Token (Fim)
DEBUG 2021-07-28 14:11:02 - TokenCachingStore - Construtor (Início)
DEBUG 2021-07-28 14:11:02 - TokenCachingStore - Construtor (Fim)
DEBUG 2021-07-28 14:11:02 - TokenCachingStore.FetchToken - Obtendo o Token (Início)
DEBUG 2021-07-28 14:11:02 - TokenCachingStore.FetchToken - Obtendo o Token (Fim)
DEBUG 2021-07-28 14:11:02 - TokenCachingStore - Construtor (Início)
DEBUG 2021-07-28 14:11:02 - TokenCachingStore - Construtor (Fim)
DEBUG 2021-07-28 14:11:02 - TokenCachingStore - Construtor (Início)
DEBUG 2021-07-28 14:11:02 - TokenCachingStore - Construtor (Fim)
DEBUG 2021-07-28 14:11:02 - BrandController - Construtor (Início)
DEBUG 2021-07-28 14:11:02 - BrandController - Construtor (Fim)
DEBUG 2021-07-28 14:11:02 - TokenCachingStore.FetchToken - Obtendo o Token (Início)
DEBUG 2021-07-28 14:11:02 - TokenCachingStore.FetchToken - Obtendo o Token (Fim)
DEBUG 2021-07-28 14:11:02 - TokenCachingStore - Construtor (Início)
DEBUG 2021-07-28 14:11:02 - TokenCachingStore - Construtor (Fim)
DEBUG 2021-07-28 14:11:02 - TokenCachingStore.FetchToken - Obtendo o Token (Início)
DEBUG 2021-07-28 14:11:02 - TokenCachingStore.FetchToken - Obtendo o Token (Fim)
DEBUG 2021-07-28 14:11:02 - TokenCachingStore - Construtor (Início)
DEBUG 2021-07-28 14:11:02 - TokenCachingStore - Construtor (Fim)
DEBUG 2021-07-28 14:11:02 - TokenCachingStore.FetchToken - Obtendo o Token (Início)
DEBUG 2021-07-28 14:11:02 - TokenCachingStore.FetchToken - Obtendo o Token (Fim)
DEBUG 2021-07-28 14:11:02 - TokenCachingStore - Construtor (Início)
DEBUG 2021-07-28 14:11:02 - TokenCachingStore - Construtor (Fim)
DEBUG 2021-07-28 14:11:02 - BrandController - Construtor (Início)
DEBUG 2021-07-28 14:11:02 - BrandController - Construtor (Fim)
DEBUG 2021-07-28 14:11:02 - TokenCachingStore.FetchToken - Obtendo o Token (Início)
DEBUG 2021-07-28 14:11:02 - TokenCachingStore.FetchToken - Obtendo o Token (Fim)
DEBUG 2021-07-28 14:11:03 - TokenCachingStore - Construtor (Início)
DEBUG 2021-07-28 14:11:03 - TokenCachingStore - Construtor (Fim)
DEBUG 2021-07-28 14:11:03 - TokenCachingStore - Construtor (Início)
DEBUG 2021-07-28 14:11:03 - TokenCachingStore - Construtor (Fim)
DEBUG 2021-07-28 14:11:03 - TokenCachingStore - Construtor (Início)
DEBUG 2021-07-28 14:11:03 - TokenCachingStore - Construtor (Fim)
DEBUG 2021-07-28 14:11:03 - TokenCachingStore - Construtor (Início)
DEBUG 2021-07-28 14:11:03 - TokenCachingStore - Construtor (Fim)
DEBUG 2021-07-28 14:11:03 - TokenCachingStore.FetchToken - Obtendo o Token (Início)
DEBUG 2021-07-28 14:11:03 - TokenCachingStore.FetchToken - Obtendo o Token (Fim)
DEBUG 2021-07-28 14:11:03 - TokenCachingStore - Construtor (Início)
DEBUG 2021-07-28 14:11:03 - TokenCachingStore - Construtor (Fim)
DEBUG 2021-07-28 14:11:03 - TokenCachingStore - Construtor (Início)
DEBUG 2021-07-28 14:11:03 - TokenCachingStore - Construtor (Fim)
DEBUG 2021-07-28 14:11:03 - BrandController - Construtor (Início)
DEBUG 2021-07-28 14:11:03 - BrandController - Construtor (Fim)
DEBUG 2021-07-28 14:11:03 - TokenCachingStore.FetchToken - Obtendo o Token (Início)
DEBUG 2021-07-28 14:11:03 - TokenCachingStore.FetchToken - Obtendo o Token (Fim)
DEBUG 2021-07-28 14:11:03 - TokenCachingStore - Construtor (Início)
DEBUG 2021-07-28 14:11:03 - TokenCachingStore - Construtor (Fim)
DEBUG 2021-07-28 14:11:03 - TokenCachingStore - Construtor (Início)
DEBUG 2021-07-28 14:11:03 - TokenCachingStore - Construtor (Fim)
DEBUG 2021-07-28 14:11:03 - ----------------------------------------------------
DEBUG 2021-07-28 14:11:03 - LoggedBaseController.OnActionExecutionAsync (Início)
DEBUG 2021-07-28 14:11:03 - IV-USER: 
DEBUG 2021-07-28 14:11:03 - PD-UID: 
DEBUG 2021-07-28 14:11:03 - LoggedBaseController.OnActionExecutionAsync (Fim)
DEBUG 2021-07-28 14:11:03 - next: Microsoft.AspNetCore.Mvc.Filters.ActionExecutionDelegate
DEBUG 2021-07-28 14:11:03 - ----------------------------------------------------
DEBUG 2021-07-28 14:11:03 - TokenCachingStore - Construtor (Início)
DEBUG 2021-07-28 14:11:03 - TokenCachingStore - Construtor (Fim)
DEBUG 2021-07-28 14:11:03 - TokenCachingStore - Construtor (Início)
DEBUG 2021-07-28 14:11:03 - TokenCachingStore - Construtor (Fim)
DEBUG 2021-07-28 14:11:03 - TokenCachingStore.FetchToken - Obtendo o Token (Início)
DEBUG 2021-07-28 14:11:03 - TokenCachingStore.FetchToken - Obtendo o Token (Fim)
DEBUG 2021-07-28 14:11:03 - ----------------------------------------------------
DEBUG 2021-07-28 14:11:03 - LoggedBaseController.OnActionExecutionAsync (Início)
DEBUG 2021-07-28 14:11:03 - IV-USER: 
DEBUG 2021-07-28 14:11:03 - PD-UID: 
DEBUG 2021-07-28 14:11:03 - LoggedBaseController.OnActionExecutionAsync (Fim)
DEBUG 2021-07-28 14:11:03 - next: Microsoft.AspNetCore.Mvc.Filters.ActionExecutionDelegate
DEBUG 2021-07-28 14:11:03 - ----------------------------------------------------
DEBUG 2021-07-28 14:11:03 - TokenCachingStore - Construtor (Início)
DEBUG 2021-07-28 14:11:03 - TokenCachingStore - Construtor (Fim)
DEBUG 2021-07-28 14:11:04 - TokenCachingStore - Construtor (Início)
DEBUG 2021-07-28 14:11:04 - TokenCachingStore - Construtor (Fim)
DEBUG 2021-07-28 14:11:04 - ----------------------------------------------------
DEBUG 2021-07-28 14:11:04 - LoggedBaseController.OnActionExecutionAsync (Início)
DEBUG 2021-07-28 14:11:04 - IV-USER: 
DEBUG 2021-07-28 14:11:04 - PD-UID: 
DEBUG 2021-07-28 14:11:04 - LoggedBaseController.OnActionExecutionAsync (Fim)
DEBUG 2021-07-28 14:11:04 - next: Microsoft.AspNetCore.Mvc.Filters.ActionExecutionDelegate
DEBUG 2021-07-28 14:11:04 - ----------------------------------------------------
DEBUG 2021-07-28 14:11:04 - TokenCachingStore - Construtor (Início)
DEBUG 2021-07-28 14:11:04 - TokenCachingStore - Construtor (Fim)
DEBUG 2021-07-28 14:11:04 - ----------------------------------------------------
DEBUG 2021-07-28 14:11:04 - LoggedBaseController.OnActionExecutionAsync (Início)
DEBUG 2021-07-28 14:11:04 - IV-USER: 
DEBUG 2021-07-28 14:11:04 - PD-UID: 
DEBUG 2021-07-28 14:11:04 - LoggedBaseController.OnActionExecutionAsync (Fim)
DEBUG 2021-07-28 14:11:04 - next: Microsoft.AspNetCore.Mvc.Filters.ActionExecutionDelegate
DEBUG 2021-07-28 14:11:04 - ----------------------------------------------------
DEBUG 2021-07-28 14:11:04 - TokenCachingStore - Construtor (Início)
DEBUG 2021-07-28 14:11:04 - TokenCachingStore - Construtor (Fim)
DEBUG 2021-07-28 14:11:04 - ----------------------------------------------------
DEBUG 2021-07-28 14:11:04 - LoggedBaseController.OnActionExecutionAsync (Início)
DEBUG 2021-07-28 14:11:04 - IV-USER: 
DEBUG 2021-07-28 14:11:04 - PD-UID: 
DEBUG 2021-07-28 14:11:04 - LoggedBaseController.OnActionExecutionAsync (Fim)
DEBUG 2021-07-28 14:11:04 - next: Microsoft.AspNetCore.Mvc.Filters.ActionExecutionDelegate
DEBUG 2021-07-28 14:11:04 - ----------------------------------------------------
DEBUG 2021-07-28 14:11:05 - TokenCachingStore - Construtor (Início)
DEBUG 2021-07-28 14:11:05 - TokenCachingStore - Construtor (Fim)
DEBUG 2021-07-28 14:11:13 - TokenCachingStore - Construtor (Início)
DEBUG 2021-07-28 14:11:13 - TokenCachingStore - Construtor (Fim)
DEBUG 2021-07-28 14:11:13 - ----------------------------------------------------
DEBUG 2021-07-28 14:11:13 - LoggedBaseController.OnActionExecutionAsync (Início)
DEBUG 2021-07-28 14:11:13 - IV-USER: 
DEBUG 2021-07-28 14:11:13 - PD-UID: 
DEBUG 2021-07-28 14:11:13 - LoggedBaseController.OnActionExecutionAsync (Fim)
DEBUG 2021-07-28 14:11:13 - next: Microsoft.AspNetCore.Mvc.Filters.ActionExecutionDelegate
DEBUG 2021-07-28 14:11:13 - ----------------------------------------------------
DEBUG 2021-07-28 14:11:13 - LoggedBaseController.GetGenericReportModel (Início)
DEBUG 2021-07-28 14:11:13 - LoggedBaseController.GetGenericReportModel (Fim)
DEBUG 2021-07-28 14:11:15 - TokenCachingStore - Construtor (Início)
DEBUG 2021-07-28 14:11:15 - TokenCachingStore - Construtor (Fim)
DEBUG 2021-07-28 14:11:15 - ----------------------------------------------------
DEBUG 2021-07-28 14:11:15 - LoggedBaseController.OnActionExecutionAsync (Início)
DEBUG 2021-07-28 14:11:15 - IV-USER: 
DEBUG 2021-07-28 14:11:15 - PD-UID: 
DEBUG 2021-07-28 14:11:15 - LoggedBaseController.OnActionExecutionAsync (Fim)
DEBUG 2021-07-28 14:11:15 - next: Microsoft.AspNetCore.Mvc.Filters.ActionExecutionDelegate
DEBUG 2021-07-28 14:11:15 - ----------------------------------------------------
DEBUG 2021-07-28 14:11:15 - TokenCachingStore - Construtor (Início)
DEBUG 2021-07-28 14:11:15 - TokenCachingStore - Construtor (Fim)
DEBUG 2021-07-28 14:11:15 - ----------------------------------------------------
DEBUG 2021-07-28 14:11:15 - LoggedBaseController.OnActionExecutionAsync (Início)
DEBUG 2021-07-28 14:11:15 - IV-USER: 
DEBUG 2021-07-28 14:11:15 - PD-UID: 
DEBUG 2021-07-28 14:11:15 - LoggedBaseController.OnActionExecutionAsync (Fim)
DEBUG 2021-07-28 14:11:15 - next: Microsoft.AspNetCore.Mvc.Filters.ActionExecutionDelegate
DEBUG 2021-07-28 14:11:15 - ----------------------------------------------------
DEBUG 2021-07-28 14:11:34 - TokenCachingStore - Construtor (Início)
DEBUG 2021-07-28 14:11:34 - TokenCachingStore - Construtor (Fim)
DEBUG 2021-07-28 14:11:34 - ----------------------------------------------------
DEBUG 2021-07-28 14:11:34 - LoggedBaseController.OnActionExecutionAsync (Início)
DEBUG 2021-07-28 14:11:34 - IV-USER: 
DEBUG 2021-07-28 14:11:34 - PD-UID: 
DEBUG 2021-07-28 14:11:34 - LoggedBaseController.OnActionExecutionAsync (Fim)
DEBUG 2021-07-28 14:11:34 - next: Microsoft.AspNetCore.Mvc.Filters.ActionExecutionDelegate
DEBUG 2021-07-28 14:11:34 - ----------------------------------------------------
DEBUG 2021-07-28 14:11:50 - TokenCachingStore - Construtor (Início)
DEBUG 2021-07-28 14:11:50 - TokenCachingStore - Construtor (Fim)
DEBUG 2021-07-28 14:11:50 - ----------------------------------------------------
DEBUG 2021-07-28 14:11:50 - LoggedBaseController.OnActionExecutionAsync (Início)
DEBUG 2021-07-28 14:11:50 - IV-USER: 
DEBUG 2021-07-28 14:11:50 - PD-UID: 
DEBUG 2021-07-28 14:11:50 - LoggedBaseController.OnActionExecutionAsync (Fim)
DEBUG 2021-07-28 14:11:50 - next: Microsoft.AspNetCore.Mvc.Filters.ActionExecutionDelegate
DEBUG 2021-07-28 14:11:50 - ----------------------------------------------------
DEBUG 2021-07-28 14:13:22 - TokenCachingStore - Construtor (Início)
DEBUG 2021-07-28 14:13:22 - TokenCachingStore - Construtor (Fim)
DEBUG 2021-07-28 14:13:22 - ----------------------------------------------------
DEBUG 2021-07-28 14:13:22 - LoggedBaseController.OnActionExecutionAsync (Início)
DEBUG 2021-07-28 14:13:22 - IV-USER: 
DEBUG 2021-07-28 14:13:22 - PD-UID: 
DEBUG 2021-07-28 14:13:22 - LoggedBaseController.OnActionExecutionAsync (Fim)
DEBUG 2021-07-28 14:13:22 - next: Microsoft.AspNetCore.Mvc.Filters.ActionExecutionDelegate
DEBUG 2021-07-28 14:13:22 - ----------------------------------------------------
DEBUG 2021-07-28 14:13:23 - LoggedBaseController.GetGenericReportModel (Início)
DEBUG 2021-07-28 14:13:23 - LoggedBaseController.GetGenericReportModel (Fim)
DEBUG 2021-07-28 14:13:27 - TokenCachingStore - Construtor (Início)
DEBUG 2021-07-28 14:13:27 - TokenCachingStore - Construtor (Fim)
DEBUG 2021-07-28 14:13:27 - ----------------------------------------------------
DEBUG 2021-07-28 14:13:27 - LoggedBaseController.OnActionExecutionAsync (Início)
DEBUG 2021-07-28 14:13:27 - IV-USER: 
DEBUG 2021-07-28 14:13:27 - PD-UID: 
DEBUG 2021-07-28 14:13:27 - LoggedBaseController.OnActionExecutionAsync (Fim)
DEBUG 2021-07-28 14:13:27 - next: Microsoft.AspNetCore.Mvc.Filters.ActionExecutionDelegate
DEBUG 2021-07-28 14:13:27 - ----------------------------------------------------
DEBUG 2021-07-28 14:13:27 - TokenCachingStore - Construtor (Início)
DEBUG 2021-07-28 14:13:27 - TokenCachingStore - Construtor (Fim)
DEBUG 2021-07-28 14:13:27 - ----------------------------------------------------
DEBUG 2021-07-28 14:13:27 - LoggedBaseController.OnActionExecutionAsync (Início)
DEBUG 2021-07-28 14:13:27 - IV-USER: 
DEBUG 2021-07-28 14:13:27 - PD-UID: 
DEBUG 2021-07-28 14:13:27 - LoggedBaseController.OnActionExecutionAsync (Fim)
DEBUG 2021-07-28 14:13:27 - next: Microsoft.AspNetCore.Mvc.Filters.ActionExecutionDelegate
DEBUG 2021-07-28 14:13:27 - ----------------------------------------------------
DEBUG 2021-07-28 14:14:33 - TokenCachingStore - Construtor (Início)
DEBUG 2021-07-28 14:14:33 - TokenCachingStore - Construtor (Fim)
DEBUG 2021-07-28 14:14:33 - ----------------------------------------------------
DEBUG 2021-07-28 14:14:33 - LoggedBaseController.OnActionExecutionAsync (Início)
DEBUG 2021-07-28 14:14:33 - IV-USER: 
DEBUG 2021-07-28 14:14:33 - PD-UID: 
DEBUG 2021-07-28 14:14:33 - LoggedBaseController.OnActionExecutionAsync (Fim)
DEBUG 2021-07-28 14:14:33 - next: Microsoft.AspNetCore.Mvc.Filters.ActionExecutionDelegate
DEBUG 2021-07-28 14:14:33 - ----------------------------------------------------
DEBUG 2021-07-28 14:14:34 - LoggedBaseController.GetGenericReportModel (Início)
DEBUG 2021-07-28 14:14:34 - LoggedBaseController.GetGenericReportModel (Fim)
DEBUG 2021-07-28 14:14:59 - TokenCachingStore - Construtor (Início)
DEBUG 2021-07-28 14:14:59 - TokenCachingStore - Construtor (Fim)
DEBUG 2021-07-28 14:14:59 - ----------------------------------------------------
DEBUG 2021-07-28 14:14:59 - LoggedBaseController.OnActionExecutionAsync (Início)
DEBUG 2021-07-28 14:14:59 - IV-USER: 
DEBUG 2021-07-28 14:14:59 - PD-UID: 
DEBUG 2021-07-28 14:14:59 - LoggedBaseController.OnActionExecutionAsync (Fim)
DEBUG 2021-07-28 14:14:59 - next: Microsoft.AspNetCore.Mvc.Filters.ActionExecutionDelegate
DEBUG 2021-07-28 14:14:59 - ----------------------------------------------------
DEBUG 2021-07-28 14:14:59 - TokenCachingStore - Construtor (Início)
DEBUG 2021-07-28 14:14:59 - TokenCachingStore - Construtor (Fim)
DEBUG 2021-07-28 14:14:59 - ----------------------------------------------------
DEBUG 2021-07-28 14:14:59 - LoggedBaseController.OnActionExecutionAsync (Início)
DEBUG 2021-07-28 14:14:59 - IV-USER: 
DEBUG 2021-07-28 14:14:59 - PD-UID: 
DEBUG 2021-07-28 14:14:59 - LoggedBaseController.OnActionExecutionAsync (Fim)
DEBUG 2021-07-28 14:14:59 - next: Microsoft.AspNetCore.Mvc.Filters.ActionExecutionDelegate
DEBUG 2021-07-28 14:14:59 - ----------------------------------------------------
DEBUG 2021-07-28 14:14:59 - TokenCachingStore - Construtor (Início)
DEBUG 2021-07-28 14:14:59 - TokenCachingStore - Construtor (Fim)
DEBUG 2021-07-28 14:15:01 - TokenCachingStore - Construtor (Início)
DEBUG 2021-07-28 14:15:01 - TokenCachingStore - Construtor (Fim)
DEBUG 2021-07-28 14:15:01 - TokenCachingStore.FetchToken - Obtendo o Token (Início)
DEBUG 2021-07-28 14:15:01 - TokenCachingStore.FetchToken - Obtendo o Token (Fim)
DEBUG 2021-07-28 14:15:01 - TokenCachingStore - Construtor (Início)
DEBUG 2021-07-28 14:15:01 - TokenCachingStore - Construtor (Fim)
DEBUG 2021-07-28 14:15:01 - BrandController - Construtor (Início)
DEBUG 2021-07-28 14:15:01 - BrandController - Construtor (Fim)
DEBUG 2021-07-28 14:15:01 - TokenCachingStore.FetchToken - Obtendo o Token (Início)
DEBUG 2021-07-28 14:15:01 - TokenCachingStore.FetchToken - Obtendo o Token (Fim)
DEBUG 2021-07-28 14:15:01 - TokenCachingStore - Construtor (Início)
DEBUG 2021-07-28 14:15:01 - TokenCachingStore - Construtor (Fim)
DEBUG 2021-07-28 14:15:03 - TokenCachingStore - Construtor (Início)
DEBUG 2021-07-28 14:15:03 - TokenCachingStore - Construtor (Fim)
DEBUG 2021-07-28 14:15:03 - ----------------------------------------------------
DEBUG 2021-07-28 14:15:03 - LoggedBaseController.OnActionExecutionAsync (Início)
DEBUG 2021-07-28 14:15:03 - IV-USER: 
DEBUG 2021-07-28 14:15:03 - PD-UID: 
DEBUG 2021-07-28 14:15:03 - LoggedBaseController.OnActionExecutionAsync (Fim)
DEBUG 2021-07-28 14:15:03 - next: Microsoft.AspNetCore.Mvc.Filters.ActionExecutionDelegate
DEBUG 2021-07-28 14:15:03 - ----------------------------------------------------
DEBUG 2021-07-28 14:16:11 - TokenCachingStore - Construtor (Início)
DEBUG 2021-07-28 14:16:11 - TokenCachingStore - Construtor (Fim)
DEBUG 2021-07-28 14:16:11 - ----------------------------------------------------
DEBUG 2021-07-28 14:16:11 - LoggedBaseController.OnActionExecutionAsync (Início)
DEBUG 2021-07-28 14:16:11 - IV-USER: 
DEBUG 2021-07-28 14:16:11 - PD-UID: 
DEBUG 2021-07-28 14:16:11 - LoggedBaseController.OnActionExecutionAsync (Fim)
DEBUG 2021-07-28 14:16:11 - next: Microsoft.AspNetCore.Mvc.Filters.ActionExecutionDelegate
DEBUG 2021-07-28 14:16:11 - ----------------------------------------------------
DEBUG 2021-07-28 14:16:12 - LoggedBaseController.GetGenericReportModel (Início)
DEBUG 2021-07-28 14:16:12 - LoggedBaseController.GetGenericReportModel (Fim)
DEBUG 2021-07-28 14:16:12 - TokenCachingStore - Construtor (Início)
DEBUG 2021-07-28 14:16:12 - TokenCachingStore - Construtor (Fim)
DEBUG 2021-07-28 14:16:12 - ----------------------------------------------------
DEBUG 2021-07-28 14:16:12 - LoggedBaseController.OnActionExecutionAsync (Início)
DEBUG 2021-07-28 14:16:12 - IV-USER: 
DEBUG 2021-07-28 14:16:12 - PD-UID: 
DEBUG 2021-07-28 14:16:12 - LoggedBaseController.OnActionExecutionAsync (Fim)
DEBUG 2021-07-28 14:16:12 - next: Microsoft.AspNetCore.Mvc.Filters.ActionExecutionDelegate
DEBUG 2021-07-28 14:16:12 - ----------------------------------------------------
DEBUG 2021-07-28 14:16:12 - TokenCachingStore - Construtor (Início)
DEBUG 2021-07-28 14:16:12 - TokenCachingStore - Construtor (Fim)
DEBUG 2021-07-28 14:16:12 - ----------------------------------------------------
DEBUG 2021-07-28 14:16:12 - LoggedBaseController.OnActionExecutionAsync (Início)
DEBUG 2021-07-28 14:16:12 - IV-USER: 
DEBUG 2021-07-28 14:16:12 - PD-UID: 
DEBUG 2021-07-28 14:16:12 - LoggedBaseController.OnActionExecutionAsync (Fim)
DEBUG 2021-07-28 14:16:12 - next: Microsoft.AspNetCore.Mvc.Filters.ActionExecutionDelegate
DEBUG 2021-07-28 14:16:12 - ----------------------------------------------------
DEBUG 2021-07-28 14:16:19 - TokenCachingStore - Construtor (Início)
DEBUG 2021-07-28 14:16:19 - TokenCachingStore - Construtor (Fim)
DEBUG 2021-07-28 14:16:19 - ----------------------------------------------------
DEBUG 2021-07-28 14:16:19 - LoggedBaseController.OnActionExecutionAsync (Início)
DEBUG 2021-07-28 14:16:19 - IV-USER: 
DEBUG 2021-07-28 14:16:19 - PD-UID: 
DEBUG 2021-07-28 14:16:19 - LoggedBaseController.OnActionExecutionAsync (Fim)
DEBUG 2021-07-28 14:16:19 - next: Microsoft.AspNetCore.Mvc.Filters.ActionExecutionDelegate
DEBUG 2021-07-28 14:16:19 - ----------------------------------------------------
DEBUG 2021-07-28 14:16:21 - TokenCachingStore - Construtor (Início)
DEBUG 2021-07-28 14:16:21 - TokenCachingStore - Construtor (Fim)
DEBUG 2021-07-28 14:16:21 - ----------------------------------------------------
DEBUG 2021-07-28 14:16:21 - LoggedBaseController.OnActionExecutionAsync (Início)
DEBUG 2021-07-28 14:16:21 - IV-USER: 
DEBUG 2021-07-28 14:16:21 - PD-UID: 
DEBUG 2021-07-28 14:16:21 - LoggedBaseController.OnActionExecutionAsync (Fim)
DEBUG 2021-07-28 14:16:21 - next: Microsoft.AspNetCore.Mvc.Filters.ActionExecutionDelegate
DEBUG 2021-07-28 14:16:21 - ----------------------------------------------------
DEBUG 2021-07-28 14:16:35 - TokenCachingStore - Construtor (Início)
DEBUG 2021-07-28 14:16:35 - TokenCachingStore - Construtor (Fim)
DEBUG 2021-07-28 14:16:35 - ----------------------------------------------------
DEBUG 2021-07-28 14:16:35 - LoggedBaseController.OnActionExecutionAsync (Início)
DEBUG 2021-07-28 14:16:35 - IV-USER: 
DEBUG 2021-07-28 14:16:35 - PD-UID: 
DEBUG 2021-07-28 14:16:35 - LoggedBaseController.OnActionExecutionAsync (Fim)
DEBUG 2021-07-28 14:16:35 - next: Microsoft.AspNetCore.Mvc.Filters.ActionExecutionDelegate
DEBUG 2021-07-28 14:16:35 - ----------------------------------------------------
DEBUG 2021-07-28 14:47:28 - TokenCachingStore - Construtor (Início)
DEBUG 2021-07-28 14:47:28 - TokenCachingStore - Construtor (Fim)
DEBUG 2021-07-28 14:47:28 - ----------------------------------------------------
DEBUG 2021-07-28 14:47:28 - LoggedBaseController.OnActionExecutionAsync (Início)
DEBUG 2021-07-28 14:47:28 - IV-USER: 
DEBUG 2021-07-28 14:47:28 - PD-UID: 
DEBUG 2021-07-28 14:47:28 - LoggedBaseController.OnActionExecutionAsync (Fim)
DEBUG 2021-07-28 14:47:28 - next: Microsoft.AspNetCore.Mvc.Filters.ActionExecutionDelegate
DEBUG 2021-07-28 14:47:28 - ----------------------------------------------------
DEBUG 2021-07-28 14:47:28 - LoggedBaseController.GetGenericReportModel (Início)
DEBUG 2021-07-28 14:47:28 - LoggedBaseController.GetGenericReportModel (Fim)
DEBUG 2021-07-28 14:47:29 - TokenCachingStore - Construtor (Início)
DEBUG 2021-07-28 14:47:29 - TokenCachingStore - Construtor (Fim)
DEBUG 2021-07-28 14:47:29 - ----------------------------------------------------
DEBUG 2021-07-28 14:47:29 - LoggedBaseController.OnActionExecutionAsync (Início)
DEBUG 2021-07-28 14:47:29 - IV-USER: 
DEBUG 2021-07-28 14:47:29 - PD-UID: 
DEBUG 2021-07-28 14:47:29 - LoggedBaseController.OnActionExecutionAsync (Fim)
DEBUG 2021-07-28 14:47:29 - next: Microsoft.AspNetCore.Mvc.Filters.ActionExecutionDelegate
DEBUG 2021-07-28 14:47:29 - ----------------------------------------------------
DEBUG 2021-07-28 14:47:29 - TokenCachingStore - Construtor (Início)
DEBUG 2021-07-28 14:47:29 - TokenCachingStore - Construtor (Fim)
DEBUG 2021-07-28 14:47:29 - ----------------------------------------------------
DEBUG 2021-07-28 14:47:29 - LoggedBaseController.OnActionExecutionAsync (Início)
DEBUG 2021-07-28 14:47:29 - IV-USER: 
DEBUG 2021-07-28 14:47:29 - PD-UID: 
DEBUG 2021-07-28 14:47:29 - LoggedBaseController.OnActionExecutionAsync (Fim)
DEBUG 2021-07-28 14:47:29 - next: Microsoft.AspNetCore.Mvc.Filters.ActionExecutionDelegate
DEBUG 2021-07-28 14:47:29 - ----------------------------------------------------
DEBUG 2021-07-28 14:47:38 - TokenCachingStore - Construtor (Início)
DEBUG 2021-07-28 14:47:38 - TokenCachingStore - Construtor (Fim)
DEBUG 2021-07-28 14:47:38 - ----------------------------------------------------
DEBUG 2021-07-28 14:47:38 - LoggedBaseController.OnActionExecutionAsync (Início)
DEBUG 2021-07-28 14:47:38 - IV-USER: 
DEBUG 2021-07-28 14:47:38 - PD-UID: 
DEBUG 2021-07-28 14:47:38 - LoggedBaseController.OnActionExecutionAsync (Fim)
DEBUG 2021-07-28 14:47:38 - next: Microsoft.AspNetCore.Mvc.Filters.ActionExecutionDelegate
DEBUG 2021-07-28 14:47:38 - ----------------------------------------------------
DEBUG 2021-07-28 14:47:49 - TokenCachingStore - Construtor (Início)
DEBUG 2021-07-28 14:47:49 - TokenCachingStore - Construtor (Fim)
DEBUG 2021-07-28 14:47:49 - ----------------------------------------------------
DEBUG 2021-07-28 14:47:49 - LoggedBaseController.OnActionExecutionAsync (Início)
DEBUG 2021-07-28 14:47:49 - IV-USER: 
DEBUG 2021-07-28 14:47:49 - PD-UID: 
DEBUG 2021-07-28 14:47:49 - LoggedBaseController.OnActionExecutionAsync (Fim)
DEBUG 2021-07-28 14:47:49 - next: Microsoft.AspNetCore.Mvc.Filters.ActionExecutionDelegate
DEBUG 2021-07-28 14:47:49 - ----------------------------------------------------
DEBUG 2021-07-28 14:48:18 - TokenCachingStore - Construtor (Início)
DEBUG 2021-07-28 14:48:18 - TokenCachingStore - Construtor (Fim)
DEBUG 2021-07-28 14:48:18 - ----------------------------------------------------
DEBUG 2021-07-28 14:48:18 - LoggedBaseController.OnActionExecutionAsync (Início)
DEBUG 2021-07-28 14:48:18 - IV-USER: 
DEBUG 2021-07-28 14:48:18 - PD-UID: 
DEBUG 2021-07-28 14:48:18 - LoggedBaseController.OnActionExecutionAsync (Fim)
DEBUG 2021-07-28 14:48:18 - next: Microsoft.AspNetCore.Mvc.Filters.ActionExecutionDelegate
DEBUG 2021-07-28 14:48:18 - ----------------------------------------------------
DEBUG 2021-07-28 14:48:42 - TokenCachingStore - Construtor (Início)
DEBUG 2021-07-28 14:48:42 - TokenCachingStore - Construtor (Fim)
DEBUG 2021-07-28 14:48:42 - ----------------------------------------------------
DEBUG 2021-07-28 14:48:42 - LoggedBaseController.OnActionExecutionAsync (Início)
DEBUG 2021-07-28 14:48:42 - IV-USER: 
DEBUG 2021-07-28 14:48:42 - PD-UID: 
DEBUG 2021-07-28 14:48:42 - LoggedBaseController.OnActionExecutionAsync (Fim)
DEBUG 2021-07-28 14:48:42 - next: Microsoft.AspNetCore.Mvc.Filters.ActionExecutionDelegate
DEBUG 2021-07-28 14:48:42 - ----------------------------------------------------
DEBUG 2021-07-28 14:48:47 - TokenCachingStore - Construtor (Início)
DEBUG 2021-07-28 14:48:47 - TokenCachingStore - Construtor (Fim)
DEBUG 2021-07-28 14:48:47 - ----------------------------------------------------
DEBUG 2021-07-28 14:48:47 - LoggedBaseController.OnActionExecutionAsync (Início)
DEBUG 2021-07-28 14:48:47 - IV-USER: 
DEBUG 2021-07-28 14:48:47 - PD-UID: 
DEBUG 2021-07-28 14:48:47 - LoggedBaseController.OnActionExecutionAsync (Fim)
DEBUG 2021-07-28 14:48:47 - next: Microsoft.AspNetCore.Mvc.Filters.ActionExecutionDelegate
DEBUG 2021-07-28 14:48:47 - ----------------------------------------------------
DEBUG 2021-07-28 15:25:45 - TokenCachingStore - Construtor (Início)
DEBUG 2021-07-28 15:25:45 - TokenCachingStore - Construtor (Fim)
DEBUG 2021-07-28 15:25:45 - ----------------------------------------------------
DEBUG 2021-07-28 15:25:45 - LoggedBaseController.OnActionExecutionAsync (Início)
DEBUG 2021-07-28 15:25:45 - IV-USER: 
DEBUG 2021-07-28 15:25:45 - PD-UID: 
DEBUG 2021-07-28 15:25:45 - LoggedBaseController.OnActionExecutionAsync (Fim)
DEBUG 2021-07-28 15:25:45 - next: Microsoft.AspNetCore.Mvc.Filters.ActionExecutionDelegate
DEBUG 2021-07-28 15:25:45 - ----------------------------------------------------
DEBUG 2021-07-28 15:25:45 - LoggedBaseController.GetGenericReportModel (Início)
DEBUG 2021-07-28 15:25:45 - LoggedBaseController.GetGenericReportModel (Fim)
DEBUG 2021-07-28 15:25:45 - TokenCachingStore - Construtor (Início)
DEBUG 2021-07-28 15:25:45 - TokenCachingStore - Construtor (Fim)
DEBUG 2021-07-28 15:25:45 - ----------------------------------------------------
DEBUG 2021-07-28 15:25:45 - LoggedBaseController.OnActionExecutionAsync (Início)
DEBUG 2021-07-28 15:25:45 - IV-USER: 
DEBUG 2021-07-28 15:25:45 - PD-UID: 
DEBUG 2021-07-28 15:25:45 - LoggedBaseController.OnActionExecutionAsync (Fim)
DEBUG 2021-07-28 15:25:45 - next: Microsoft.AspNetCore.Mvc.Filters.ActionExecutionDelegate
DEBUG 2021-07-28 15:25:45 - ----------------------------------------------------
DEBUG 2021-07-28 15:25:45 - TokenCachingStore - Construtor (Início)
DEBUG 2021-07-28 15:25:45 - TokenCachingStore - Construtor (Fim)
DEBUG 2021-07-28 15:25:45 - ----------------------------------------------------
DEBUG 2021-07-28 15:25:45 - LoggedBaseController.OnActionExecutionAsync (Início)
DEBUG 2021-07-28 15:25:45 - IV-USER: 
DEBUG 2021-07-28 15:25:45 - PD-UID: 
DEBUG 2021-07-28 15:25:45 - LoggedBaseController.OnActionExecutionAsync (Fim)
DEBUG 2021-07-28 15:25:45 - next: Microsoft.AspNetCore.Mvc.Filters.ActionExecutionDelegate
DEBUG 2021-07-28 15:25:45 - ----------------------------------------------------
DEBUG 2021-07-28 15:25:59 - TokenCachingStore - Construtor (Início)
DEBUG 2021-07-28 15:25:59 - TokenCachingStore - Construtor (Fim)
DEBUG 2021-07-28 15:25:59 - ----------------------------------------------------
DEBUG 2021-07-28 15:25:59 - LoggedBaseController.OnActionExecutionAsync (Início)
DEBUG 2021-07-28 15:25:59 - IV-USER: 
DEBUG 2021-07-28 15:25:59 - PD-UID: 
DEBUG 2021-07-28 15:25:59 - LoggedBaseController.OnActionExecutionAsync (Fim)
DEBUG 2021-07-28 15:25:59 - next: Microsoft.AspNetCore.Mvc.Filters.ActionExecutionDelegate
DEBUG 2021-07-28 15:25:59 - ----------------------------------------------------
DEBUG 2021-07-28 15:26:01 - TokenCachingStore - Construtor (Início)
DEBUG 2021-07-28 15:26:01 - TokenCachingStore - Construtor (Fim)
DEBUG 2021-07-28 15:26:01 - ----------------------------------------------------
DEBUG 2021-07-28 15:26:01 - LoggedBaseController.OnActionExecutionAsync (Início)
DEBUG 2021-07-28 15:26:01 - IV-USER: 
DEBUG 2021-07-28 15:26:01 - PD-UID: 
DEBUG 2021-07-28 15:26:01 - LoggedBaseController.OnActionExecutionAsync (Fim)
DEBUG 2021-07-28 15:26:01 - next: Microsoft.AspNetCore.Mvc.Filters.ActionExecutionDelegate
DEBUG 2021-07-28 15:26:01 - ----------------------------------------------------
