DEBUG 2021-08-05 09:59:16 - TokenCachingStore - Construtor (Início)
DEBUG 2021-08-05 09:59:16 - TokenCachingStore - Construtor (Fim)
DEBUG 2021-08-05 09:59:16 - ----------------------------------------------------
DEBUG 2021-08-05 09:59:16 - LoggedBaseController.OnActionExecutionAsync (Início)
DEBUG 2021-08-05 09:59:16 - IV-USER: 
DEBUG 2021-08-05 09:59:16 - PD-UID: 
DEBUG 2021-08-05 09:59:16 - LoggedBaseController.OnActionExecutionAsync (Fim)
DEBUG 2021-08-05 09:59:16 - next: Microsoft.AspNetCore.Mvc.Filters.ActionExecutionDelegate
DEBUG 2021-08-05 09:59:16 - ----------------------------------------------------
DEBUG 2021-08-05 09:59:16 - LoggedBaseController.AuthenticationError() (Início)
DEBUG 2021-08-05 09:59:16 - LoggedBaseController.AuthenticationError() - Redirect para a LoginURL: /PortalOne/login.html
DEBUG 2021-08-05 09:59:16 - LoggedBaseController.AuthenticationError() (Fim)
DEBUG 2021-08-05 09:59:33 - TokenCachingStore - Construtor (Início)
DEBUG 2021-08-05 09:59:33 - TokenCachingStore - Construtor (Fim)
DEBUG 2021-08-05 09:59:33 - TokenCachingStore.Remove (Início / Fim)
DEBUG 2021-08-05 09:59:33 - TokenCachingStore.FetchToken - Obtendo o Token (Início)
DEBUG 2021-08-05 09:59:33 - TokenCachingStore.FetchToken - Chamando a GetTokenFromApi (Início)
DEBUG 2021-08-05 09:59:33 - TokenCachingStore.GetTokenFromApi - Início
DEBUG 2021-08-05 09:59:33 - TokenCachingStore.GetTokenFromApi - httpClient.PostAsync (Início)
DEBUG 2021-08-05 09:59:33 - accessTokenUrl: https://qa-br-api-gateway.bayer.biz/oauth/access-token
DEBUG 2021-08-05 09:59:33 - payload (Headers.ContentType.CharSet): utf-8
DEBUG 2021-08-05 09:59:33 - payload (Headers.ContentType.MediaType): application/json
DEBUG 2021-08-05 09:59:33 - TokenCachingStore.GetTokenFromApi - httpClient.PostAsync - tentativa 1
DEBUG 2021-08-05 09:59:35 - TokenCachingStore.GetTokenFromApi - httpClient.PostAsync - codRetorno: 201
DEBUG 2021-08-05 09:59:35 - TokenCachingStore.GetTokenFromApi - httpClient.PostAsync - token: {"access_token":"edb52b50-e1c1-3992-800b-7f1b4bc49a87","token_type":"access_token","expires_in":3600}
DEBUG 2021-08-05 09:59:35 - TokenCachingStore.GetTokenFromApi - httpClient.PostAsync (Fim)
DEBUG 2021-08-05 09:59:35 - TokenCachingStore.GetTokenFromApi - Fim
DEBUG 2021-08-05 09:59:35 - TokenCachingStore.FetchToken - Chamando a GetTokenFromApi (Fim)
DEBUG 2021-08-05 09:59:35 - TokenCachingStore.FetchToken - Obtendo o Token (Fim)
DEBUG 2021-08-05 09:59:35 - AuthenticationBO.Login - Início
DEBUG 2021-08-05 09:59:36 - AuthenticationBO.Login - httpClient.PostAsync - codRetorno: 200
DEBUG 2021-08-05 09:59:36 - AuthenticationBO.Login - httpClient.PostAsync - token: {"result": {"code": 1, "description": "Your login attempt was successful!", "errorResult": ""}, "return": {"nameUser": "José Alves", "email": "jose.alves3.ext@bayer.com", "isInternal": false, "systemName": "Pegasus", "cwid": "ELWKU", "dtLastLogin": null, "roles": [{"name": "QA-CS-Pegasus_Administrador", "description": null, "owners": "BRBGW;EUNON;GICSW", "approveRequired": false, "level": {"name": "Administrador", "restrictionCodes": null}}], "complementaryFields": []}}
DEBUG 2021-08-05 09:59:36 - AuthenticationBO.Login - Fim
DEBUG 2021-08-05 09:59:36 - TokenCachingStore - Construtor (Início)
DEBUG 2021-08-05 09:59:36 - TokenCachingStore - Construtor (Fim)
DEBUG 2021-08-05 09:59:36 - ----------------------------------------------------
DEBUG 2021-08-05 09:59:36 - LoggedBaseController.OnActionExecutionAsync (Início)
DEBUG 2021-08-05 09:59:36 - IV-USER: elwku
DEBUG 2021-08-05 09:59:36 - PD-UID: 
DEBUG 2021-08-05 09:59:36 - User.Identity.IsAuthenticated: False
DEBUG 2021-08-05 09:59:36 - User.Identity.Name: 
DEBUG 2021-08-05 09:59:36 - !User.Identity.IsAuthenticated || User.Identity.Name != user
DEBUG 2021-08-05 09:59:36 - user: elwku
DEBUG 2021-08-05 09:59:36 - model.AppId: caa0f8bb-210e-41ac-b38b-3404cf46f185
DEBUG 2021-08-05 09:59:36 - model.CultureName: en-us
DEBUG 2021-08-05 09:59:36 - model.IP: ::1
DEBUG 2021-08-05 09:59:36 - model.Login: elwku
DEBUG 2021-08-05 09:59:36 - model: Bayer.Pegasus.Entities.Api.LoginSSOViewModel
DEBUG 2021-08-05 09:59:36 - accessToken.ClientHash: NzEzZTM0NTAtMTU2My0zYWQzLWJmNzUtNmFkMTU4ZDFhZjBiOjMzMmY2ODVhLTI0OGItMzUxZS05ZDAzLTg5NDlmNDU1NzI3OA==
DEBUG 2021-08-05 09:59:36 - TokenCachingStore.FetchToken - Obtendo o Token (Início)
DEBUG 2021-08-05 09:59:36 - TokenCachingStore.FetchToken - Obtendo o Token (Fim)
DEBUG 2021-08-05 09:59:36 - token: edb52b50-e1c1-3992-800b-7f1b4bc49a87
DEBUG 2021-08-05 09:59:36 - AuthenticationBO.LoginSSO - Início
DEBUG 2021-08-05 09:59:36 - AuthenticationBO.LoginSSO - httpClient.PostAsync (Início)
DEBUG 2021-08-05 09:59:36 - LoginSSOUrl: https://qa-br-api-gateway.bayer.biz/cp/authservices/2.0/loginsso
DEBUG 2021-08-05 09:59:36 - payload (Headers.ContentType.CharSet): utf-8
DEBUG 2021-08-05 09:59:36 - payload (Headers.ContentType.MediaType): application/json
DEBUG 2021-08-05 09:59:36 - AuthenticationBO.LoginSSO - httpClient.PostAsync - tentativa 1
DEBUG 2021-08-05 09:59:37 - AuthenticationBO.LoginSSO - httpClient.PostAsync - codRetorno: 200
DEBUG 2021-08-05 09:59:37 - AuthenticationBO.LoginSSO - httpClient.PostAsync - token: {"result": {"code": 1, "description": "Your login attempt was successful!", "errorResult": ""}, "return": {"nameUser": "José Alves", "email": "jose.alves3.ext@bayer.com", "isInternal": false, "systemName": "Pegasus", "cwid": "ELWKU", "dtLastLogin": null, "roles": [{"name": "QA-CS-Pegasus_Administrador", "description": null, "owners": "BRBGW;EUNON;GICSW", "approveRequired": false, "level": {"name": "Administrador", "restrictionCodes": null}}], "complementaryFields": []}}
DEBUG 2021-08-05 09:59:37 - AuthenticationBO.LoginSSO - httpClient.PostAsync (Fim)
DEBUG 2021-08-05 09:59:37 - AuthenticationBO.LoginSSO - Fim
DEBUG 2021-08-05 09:59:37 - output: {"result":{"code":1,"description":null,"culture":null,"clientid":"713e3450-1563-3ad3-bf75-6ad158d1af0b","accesstoken":"edb52b50-e1c1-3992-800b-7f1b4bc49a87"},"return":{"nameUser":"José Alves","email":"jose.alves3.ext@bayer.com","isInternal":false,"systemName":"Pegasus","cwid":"ELWKU","dtLastLogin":"0001-01-01T00:00:00","roles":[{"name":"QA-CS-Pegasus_Administrador","level":{"name":"Administrador","restrictionCodes":null}}],"complementaryFields":null}}
DEBUG 2021-08-05 09:59:37 - rolls: [
  {
    "name": "QA-CS-Pegasus_Administrador",
    "level": {
      "name": "Administrador",
      "restrictionCodes": null
    }
  }
]
DEBUG 2021-08-05 09:59:37 - roles: System.Collections.Generic.List`1[Bayer.Pegasus.Entities.Api.RoleModel]
DEBUG 2021-08-05 09:59:37 - var rl: Bayer.Pegasus.Entities.Api.ReturnModel
DEBUG 2021-08-05 09:59:37 - AuthService: Role não está NULL
DEBUG 2021-08-05 09:59:37 - _logger.LogInformation(role.Name): QA-CS-Pegasus_Administrador
DEBUG 2021-08-05 09:59:37 - roleName: QA-CS-Pegasus_Administrador
DEBUG 2021-08-05 09:59:37 - levelName: Administrador
DEBUG 2021-08-05 09:59:37 - claimRole: http://schemas.microsoft.com/ws/2008/06/identity/claims/role: QA-CS-Pegasus_Administrador
DEBUG 2021-08-05 09:59:37 - claims: System.Collections.Generic.List`1[System.Security.Claims.Claim]
DEBUG 2021-08-05 09:59:38 - HttpContext.SignInAsync CookieAuthenticationDefaults.AuthenticationScheme: Cookies
DEBUG 2021-08-05 09:59:38 - HttpContext.SignInAsync userPrincipal: System.Security.Claims.ClaimsPrincipal
DEBUG 2021-08-05 09:59:38 - HttpContext.SignInAsync authProperties: Microsoft.AspNetCore.Authentication.AuthenticationProperties
DEBUG 2021-08-05 09:59:38 - LoggedBaseController.OnActionExecutionAsync (Fim)
DEBUG 2021-08-05 09:59:38 - next: Microsoft.AspNetCore.Mvc.Filters.ActionExecutionDelegate
DEBUG 2021-08-05 09:59:38 - ----------------------------------------------------
DEBUG 2021-08-05 09:59:38 - LoggedBaseController.GetGenericReportModel (Início)
DEBUG 2021-08-05 09:59:38 - LoggedBaseController.GetGenericReportModel (Fim)
DEBUG 2021-08-05 09:59:56 - TokenCachingStore - Construtor (Início)
DEBUG 2021-08-05 09:59:56 - TokenCachingStore - Construtor (Fim)
DEBUG 2021-08-05 09:59:56 - ----------------------------------------------------
DEBUG 2021-08-05 09:59:56 - LoggedBaseController.OnActionExecutionAsync (Início)
DEBUG 2021-08-05 09:59:56 - IV-USER: 
DEBUG 2021-08-05 09:59:56 - PD-UID: 
DEBUG 2021-08-05 09:59:56 - LoggedBaseController.OnActionExecutionAsync (Fim)
DEBUG 2021-08-05 09:59:56 - next: Microsoft.AspNetCore.Mvc.Filters.ActionExecutionDelegate
DEBUG 2021-08-05 09:59:56 - ----------------------------------------------------
DEBUG 2021-08-05 09:59:56 - LoggedBaseController.GetGenericReportModel (Início)
DEBUG 2021-08-05 09:59:56 - LoggedBaseController.GetGenericReportModel (Fim)
DEBUG 2021-08-05 09:59:58 - TokenCachingStore - Construtor (Início)
DEBUG 2021-08-05 09:59:58 - TokenCachingStore - Construtor (Fim)
DEBUG 2021-08-05 09:59:58 - TokenCachingStore - Construtor (Início)
DEBUG 2021-08-05 09:59:58 - TokenCachingStore - Construtor (Fim)
DEBUG 2021-08-05 09:59:58 - TokenCachingStore - Construtor (Início)
DEBUG 2021-08-05 09:59:58 - TokenCachingStore - Construtor (Fim)
DEBUG 2021-08-05 09:59:58 - ----------------------------------------------------
DEBUG 2021-08-05 09:59:58 - LoggedBaseController.OnActionExecutionAsync (Início)
DEBUG 2021-08-05 09:59:58 - IV-USER: 
DEBUG 2021-08-05 09:59:58 - PD-UID: 
DEBUG 2021-08-05 09:59:58 - LoggedBaseController.OnActionExecutionAsync (Fim)
DEBUG 2021-08-05 09:59:58 - next: Microsoft.AspNetCore.Mvc.Filters.ActionExecutionDelegate
DEBUG 2021-08-05 09:59:58 - ----------------------------------------------------
DEBUG 2021-08-05 09:59:58 - ----------------------------------------------------
DEBUG 2021-08-05 09:59:58 - LoggedBaseController.OnActionExecutionAsync (Início)
DEBUG 2021-08-05 09:59:58 - IV-USER: 
DEBUG 2021-08-05 09:59:58 - PD-UID: 
DEBUG 2021-08-05 09:59:58 - LoggedBaseController.OnActionExecutionAsync (Fim)
DEBUG 2021-08-05 09:59:58 - next: Microsoft.AspNetCore.Mvc.Filters.ActionExecutionDelegate
DEBUG 2021-08-05 09:59:58 - ----------------------------------------------------
DEBUG 2021-08-05 09:59:58 - TokenCachingStore - Construtor (Início)
DEBUG 2021-08-05 09:59:58 - TokenCachingStore - Construtor (Fim)
DEBUG 2021-08-05 09:59:58 - TokenCachingStore.FetchToken - Obtendo o Token (Início)
DEBUG 2021-08-05 09:59:58 - TokenCachingStore.FetchToken - Obtendo o Token (Fim)
DEBUG 2021-08-05 09:59:59 - TokenCachingStore - Construtor (Início)
DEBUG 2021-08-05 09:59:59 - TokenCachingStore - Construtor (Fim)
DEBUG 2021-08-05 09:59:59 - TokenCachingStore - Construtor (Início)
DEBUG 2021-08-05 09:59:59 - TokenCachingStore - Construtor (Fim)
DEBUG 2021-08-05 09:59:59 - TokenCachingStore.FetchToken - Obtendo o Token (Início)
DEBUG 2021-08-05 09:59:59 - TokenCachingStore.FetchToken - Obtendo o Token (Fim)
DEBUG 2021-08-05 09:59:59 - TokenCachingStore - Construtor (Início)
DEBUG 2021-08-05 09:59:59 - TokenCachingStore - Construtor (Fim)
DEBUG 2021-08-05 09:59:59 - TokenCachingStore - Construtor (Início)
DEBUG 2021-08-05 09:59:59 - TokenCachingStore - Construtor (Fim)
DEBUG 2021-08-05 09:59:59 - BrandController - Construtor (Início)
DEBUG 2021-08-05 09:59:59 - BrandController - Construtor (Fim)
DEBUG 2021-08-05 09:59:59 - TokenCachingStore.FetchToken - Obtendo o Token (Início)
DEBUG 2021-08-05 09:59:59 - TokenCachingStore.FetchToken - Obtendo o Token (Fim)
DEBUG 2021-08-05 09:59:59 - TokenCachingStore - Construtor (Início)
DEBUG 2021-08-05 09:59:59 - TokenCachingStore - Construtor (Fim)
DEBUG 2021-08-05 10:03:25 - TokenCachingStore - Construtor (Início)
DEBUG 2021-08-05 10:03:25 - TokenCachingStore - Construtor (Fim)
DEBUG 2021-08-05 10:03:25 - ----------------------------------------------------
DEBUG 2021-08-05 10:03:25 - LoggedBaseController.OnActionExecutionAsync (Início)
DEBUG 2021-08-05 10:03:25 - IV-USER: 
DEBUG 2021-08-05 10:03:25 - PD-UID: 
DEBUG 2021-08-05 10:03:25 - LoggedBaseController.OnActionExecutionAsync (Fim)
DEBUG 2021-08-05 10:03:25 - next: Microsoft.AspNetCore.Mvc.Filters.ActionExecutionDelegate
DEBUG 2021-08-05 10:03:25 - ----------------------------------------------------
DEBUG 2021-08-05 10:03:26 - LoggedBaseController.AuthenticationError() (Início)
DEBUG 2021-08-05 10:03:26 - LoggedBaseController.AuthenticationError() - Redirect para a LoginURL: /PortalOne/login.html
DEBUG 2021-08-05 10:03:26 - LoggedBaseController.AuthenticationError() (Fim)
DEBUG 2021-08-05 10:04:07 - TokenCachingStore - Construtor (Início)
DEBUG 2021-08-05 10:04:07 - TokenCachingStore - Construtor (Fim)
DEBUG 2021-08-05 10:04:08 - TokenCachingStore.Remove (Início / Fim)
DEBUG 2021-08-05 10:04:08 - TokenCachingStore.FetchToken - Obtendo o Token (Início)
DEBUG 2021-08-05 10:04:08 - TokenCachingStore.FetchToken - Chamando a GetTokenFromApi (Início)
DEBUG 2021-08-05 10:04:08 - TokenCachingStore.GetTokenFromApi - Início
DEBUG 2021-08-05 10:04:08 - TokenCachingStore.GetTokenFromApi - httpClient.PostAsync (Início)
DEBUG 2021-08-05 10:04:08 - accessTokenUrl: https://qa-br-api-gateway.bayer.biz/oauth/access-token
DEBUG 2021-08-05 10:04:08 - payload (Headers.ContentType.CharSet): utf-8
DEBUG 2021-08-05 10:04:08 - payload (Headers.ContentType.MediaType): application/json
DEBUG 2021-08-05 10:04:08 - TokenCachingStore.GetTokenFromApi - httpClient.PostAsync - tentativa 1
DEBUG 2021-08-05 10:04:09 - TokenCachingStore.GetTokenFromApi - httpClient.PostAsync - codRetorno: 201
DEBUG 2021-08-05 10:04:09 - TokenCachingStore.GetTokenFromApi - httpClient.PostAsync - token: {"access_token":"b97f7ba0-8695-3432-961e-4dbad2327087","token_type":"access_token","expires_in":3600}
DEBUG 2021-08-05 10:04:09 - TokenCachingStore.GetTokenFromApi - httpClient.PostAsync (Fim)
DEBUG 2021-08-05 10:04:09 - TokenCachingStore.GetTokenFromApi - Fim
DEBUG 2021-08-05 10:04:09 - TokenCachingStore.FetchToken - Chamando a GetTokenFromApi (Fim)
DEBUG 2021-08-05 10:04:09 - TokenCachingStore.FetchToken - Obtendo o Token (Fim)
DEBUG 2021-08-05 10:04:09 - AuthenticationBO.Login - Início
DEBUG 2021-08-05 10:04:11 - AuthenticationBO.Login - httpClient.PostAsync - codRetorno: 200
DEBUG 2021-08-05 10:04:11 - AuthenticationBO.Login - httpClient.PostAsync - token: {"result": {"code": 1, "description": "Your login attempt was successful!", "errorResult": ""}, "return": {"nameUser": "José Alves", "email": "jose.alves3.ext@bayer.com", "isInternal": false, "systemName": "Pegasus", "cwid": "ELWKU", "dtLastLogin": null, "roles": [{"name": "QA-CS-Pegasus_Administrador", "description": null, "owners": "BRBGW;EUNON;GICSW", "approveRequired": false, "level": {"name": "Administrador", "restrictionCodes": null}}], "complementaryFields": []}}
DEBUG 2021-08-05 10:04:11 - AuthenticationBO.Login - Fim
DEBUG 2021-08-05 10:04:11 - TokenCachingStore - Construtor (Início)
DEBUG 2021-08-05 10:04:11 - TokenCachingStore - Construtor (Fim)
DEBUG 2021-08-05 10:04:11 - ----------------------------------------------------
DEBUG 2021-08-05 10:04:11 - LoggedBaseController.OnActionExecutionAsync (Início)
DEBUG 2021-08-05 10:04:11 - IV-USER: elwku
DEBUG 2021-08-05 10:04:11 - PD-UID: 
DEBUG 2021-08-05 10:04:11 - User.Identity.IsAuthenticated: False
DEBUG 2021-08-05 10:04:11 - User.Identity.Name: 
DEBUG 2021-08-05 10:04:11 - !User.Identity.IsAuthenticated || User.Identity.Name != user
DEBUG 2021-08-05 10:04:11 - user: elwku
DEBUG 2021-08-05 10:04:11 - model.AppId: caa0f8bb-210e-41ac-b38b-3404cf46f185
DEBUG 2021-08-05 10:04:11 - model.CultureName: en-us
DEBUG 2021-08-05 10:04:11 - model.IP: ::1
DEBUG 2021-08-05 10:04:11 - model.Login: elwku
DEBUG 2021-08-05 10:04:11 - model: Bayer.Pegasus.Entities.Api.LoginSSOViewModel
DEBUG 2021-08-05 10:04:11 - accessToken.ClientHash: NzEzZTM0NTAtMTU2My0zYWQzLWJmNzUtNmFkMTU4ZDFhZjBiOjMzMmY2ODVhLTI0OGItMzUxZS05ZDAzLTg5NDlmNDU1NzI3OA==
DEBUG 2021-08-05 10:04:11 - TokenCachingStore.FetchToken - Obtendo o Token (Início)
DEBUG 2021-08-05 10:04:11 - TokenCachingStore.FetchToken - Obtendo o Token (Fim)
DEBUG 2021-08-05 10:04:11 - token: b97f7ba0-8695-3432-961e-4dbad2327087
DEBUG 2021-08-05 10:04:11 - AuthenticationBO.LoginSSO - Início
DEBUG 2021-08-05 10:04:11 - AuthenticationBO.LoginSSO - httpClient.PostAsync (Início)
DEBUG 2021-08-05 10:04:11 - LoginSSOUrl: https://qa-br-api-gateway.bayer.biz/cp/authservices/2.0/loginsso
DEBUG 2021-08-05 10:04:11 - payload (Headers.ContentType.CharSet): utf-8
DEBUG 2021-08-05 10:04:11 - payload (Headers.ContentType.MediaType): application/json
DEBUG 2021-08-05 10:04:11 - AuthenticationBO.LoginSSO - httpClient.PostAsync - tentativa 1
DEBUG 2021-08-05 10:04:12 - AuthenticationBO.LoginSSO - httpClient.PostAsync - codRetorno: 200
DEBUG 2021-08-05 10:04:12 - AuthenticationBO.LoginSSO - httpClient.PostAsync - token: {"result": {"code": 1, "description": "Your login attempt was successful!", "errorResult": ""}, "return": {"nameUser": "José Alves", "email": "jose.alves3.ext@bayer.com", "isInternal": false, "systemName": "Pegasus", "cwid": "ELWKU", "dtLastLogin": null, "roles": [{"name": "QA-CS-Pegasus_Administrador", "description": null, "owners": "BRBGW;EUNON;GICSW", "approveRequired": false, "level": {"name": "Administrador", "restrictionCodes": null}}], "complementaryFields": []}}
DEBUG 2021-08-05 10:04:12 - AuthenticationBO.LoginSSO - httpClient.PostAsync (Fim)
DEBUG 2021-08-05 10:04:12 - AuthenticationBO.LoginSSO - Fim
DEBUG 2021-08-05 10:04:12 - output: {"result":{"code":1,"description":null,"culture":null,"clientid":"713e3450-1563-3ad3-bf75-6ad158d1af0b","accesstoken":"b97f7ba0-8695-3432-961e-4dbad2327087"},"return":{"nameUser":"José Alves","email":"jose.alves3.ext@bayer.com","isInternal":false,"systemName":"Pegasus","cwid":"ELWKU","dtLastLogin":"0001-01-01T00:00:00","roles":[{"name":"QA-CS-Pegasus_Administrador","level":{"name":"Administrador","restrictionCodes":null}}],"complementaryFields":null}}
DEBUG 2021-08-05 10:04:12 - rolls: [
  {
    "name": "QA-CS-Pegasus_Administrador",
    "level": {
      "name": "Administrador",
      "restrictionCodes": null
    }
  }
]
DEBUG 2021-08-05 10:04:12 - roles: System.Collections.Generic.List`1[Bayer.Pegasus.Entities.Api.RoleModel]
DEBUG 2021-08-05 10:04:12 - var rl: Bayer.Pegasus.Entities.Api.ReturnModel
DEBUG 2021-08-05 10:04:12 - AuthService: Role não está NULL
DEBUG 2021-08-05 10:04:12 - _logger.LogInformation(role.Name): QA-CS-Pegasus_Administrador
DEBUG 2021-08-05 10:04:12 - roleName: QA-CS-Pegasus_Administrador
DEBUG 2021-08-05 10:04:12 - levelName: Administrador
DEBUG 2021-08-05 10:04:12 - claimRole: http://schemas.microsoft.com/ws/2008/06/identity/claims/role: QA-CS-Pegasus_Administrador
DEBUG 2021-08-05 10:04:12 - claims: System.Collections.Generic.List`1[System.Security.Claims.Claim]
DEBUG 2021-08-05 10:04:12 - HttpContext.SignInAsync CookieAuthenticationDefaults.AuthenticationScheme: Cookies
DEBUG 2021-08-05 10:04:12 - HttpContext.SignInAsync userPrincipal: System.Security.Claims.ClaimsPrincipal
DEBUG 2021-08-05 10:04:12 - HttpContext.SignInAsync authProperties: Microsoft.AspNetCore.Authentication.AuthenticationProperties
DEBUG 2021-08-05 10:04:12 - LoggedBaseController.OnActionExecutionAsync (Fim)
DEBUG 2021-08-05 10:04:12 - next: Microsoft.AspNetCore.Mvc.Filters.ActionExecutionDelegate
DEBUG 2021-08-05 10:04:12 - ----------------------------------------------------
DEBUG 2021-08-05 10:04:12 - LoggedBaseController.GetGenericReportModel (Início)
DEBUG 2021-08-05 10:04:12 - LoggedBaseController.GetGenericReportModel (Fim)
DEBUG 2021-08-05 10:04:25 - TokenCachingStore - Construtor (Início)
DEBUG 2021-08-05 10:04:25 - TokenCachingStore - Construtor (Fim)
DEBUG 2021-08-05 10:04:25 - ----------------------------------------------------
DEBUG 2021-08-05 10:04:25 - LoggedBaseController.OnActionExecutionAsync (Início)
DEBUG 2021-08-05 10:04:25 - IV-USER: 
DEBUG 2021-08-05 10:04:25 - PD-UID: 
DEBUG 2021-08-05 10:04:25 - LoggedBaseController.OnActionExecutionAsync (Fim)
DEBUG 2021-08-05 10:04:25 - next: Microsoft.AspNetCore.Mvc.Filters.ActionExecutionDelegate
DEBUG 2021-08-05 10:04:25 - ----------------------------------------------------
DEBUG 2021-08-05 10:04:25 - LoggedBaseController.GetGenericReportModel (Início)
DEBUG 2021-08-05 10:04:25 - LoggedBaseController.GetGenericReportModel (Fim)
DEBUG 2021-08-05 10:04:27 - TokenCachingStore - Construtor (Início)
DEBUG 2021-08-05 10:04:27 - TokenCachingStore - Construtor (Fim)
DEBUG 2021-08-05 10:04:27 - TokenCachingStore - Construtor (Início)
DEBUG 2021-08-05 10:04:27 - TokenCachingStore - Construtor (Fim)
DEBUG 2021-08-05 10:04:27 - ----------------------------------------------------
DEBUG 2021-08-05 10:04:27 - LoggedBaseController.OnActionExecutionAsync (Início)
DEBUG 2021-08-05 10:04:27 - IV-USER: 
DEBUG 2021-08-05 10:04:27 - PD-UID: 
DEBUG 2021-08-05 10:04:27 - LoggedBaseController.OnActionExecutionAsync (Fim)
DEBUG 2021-08-05 10:04:27 - next: Microsoft.AspNetCore.Mvc.Filters.ActionExecutionDelegate
DEBUG 2021-08-05 10:04:27 - ----------------------------------------------------
DEBUG 2021-08-05 10:04:27 - ----------------------------------------------------
DEBUG 2021-08-05 10:04:27 - LoggedBaseController.OnActionExecutionAsync (Início)
DEBUG 2021-08-05 10:04:27 - IV-USER: 
DEBUG 2021-08-05 10:04:27 - PD-UID: 
DEBUG 2021-08-05 10:04:27 - LoggedBaseController.OnActionExecutionAsync (Fim)
DEBUG 2021-08-05 10:04:27 - next: Microsoft.AspNetCore.Mvc.Filters.ActionExecutionDelegate
DEBUG 2021-08-05 10:04:27 - ----------------------------------------------------
DEBUG 2021-08-05 10:04:27 - TokenCachingStore - Construtor (Início)
DEBUG 2021-08-05 10:04:27 - TokenCachingStore - Construtor (Fim)
DEBUG 2021-08-05 10:04:27 - TokenCachingStore - Construtor (Início)
DEBUG 2021-08-05 10:04:27 - TokenCachingStore - Construtor (Fim)
DEBUG 2021-08-05 10:04:27 - TokenCachingStore.FetchToken - Obtendo o Token (Início)
DEBUG 2021-08-05 10:04:27 - TokenCachingStore.FetchToken - Obtendo o Token (Fim)
DEBUG 2021-08-05 10:04:27 - TokenCachingStore - Construtor (Início)
DEBUG 2021-08-05 10:04:27 - TokenCachingStore - Construtor (Fim)
DEBUG 2021-08-05 10:04:27 - TokenCachingStore - Construtor (Início)
DEBUG 2021-08-05 10:04:27 - TokenCachingStore - Construtor (Fim)
DEBUG 2021-08-05 10:04:27 - TokenCachingStore.FetchToken - Obtendo o Token (Início)
DEBUG 2021-08-05 10:04:27 - TokenCachingStore.FetchToken - Obtendo o Token (Fim)
DEBUG 2021-08-05 10:04:28 - TokenCachingStore - Construtor (Início)
DEBUG 2021-08-05 10:04:28 - TokenCachingStore - Construtor (Fim)
DEBUG 2021-08-05 10:04:28 - BrandController - Construtor (Início)
DEBUG 2021-08-05 10:04:28 - BrandController - Construtor (Fim)
DEBUG 2021-08-05 10:04:28 - TokenCachingStore.FetchToken - Obtendo o Token (Início)
DEBUG 2021-08-05 10:04:28 - TokenCachingStore.FetchToken - Obtendo o Token (Fim)
DEBUG 2021-08-05 10:04:28 - TokenCachingStore - Construtor (Início)
DEBUG 2021-08-05 10:04:28 - TokenCachingStore - Construtor (Fim)
DEBUG 2021-08-05 10:04:28 - TokenCachingStore - Construtor (Início)
DEBUG 2021-08-05 10:04:28 - TokenCachingStore - Construtor (Fim)
DEBUG 2021-08-05 10:04:28 - TokenCachingStore - Construtor (Início)
DEBUG 2021-08-05 10:04:28 - TokenCachingStore - Construtor (Fim)
DEBUG 2021-08-05 10:04:28 - TokenCachingStore.FetchToken - Obtendo o Token (Início)
DEBUG 2021-08-05 10:04:28 - TokenCachingStore.FetchToken - Obtendo o Token (Fim)
DEBUG 2021-08-05 10:04:28 - TokenCachingStore - Construtor (Início)
DEBUG 2021-08-05 10:04:28 - TokenCachingStore - Construtor (Fim)
DEBUG 2021-08-05 10:04:28 - TokenCachingStore - Construtor (Início)
DEBUG 2021-08-05 10:04:28 - TokenCachingStore - Construtor (Fim)
DEBUG 2021-08-05 10:04:28 - TokenCachingStore.FetchToken - Obtendo o Token (Início)
DEBUG 2021-08-05 10:04:28 - TokenCachingStore.FetchToken - Obtendo o Token (Fim)
DEBUG 2021-08-05 10:04:28 - TokenCachingStore - Construtor (Início)
DEBUG 2021-08-05 10:04:28 - TokenCachingStore - Construtor (Fim)
DEBUG 2021-08-05 10:04:28 - BrandController - Construtor (Início)
DEBUG 2021-08-05 10:04:28 - BrandController - Construtor (Fim)
DEBUG 2021-08-05 10:04:28 - TokenCachingStore - Construtor (Início)
DEBUG 2021-08-05 10:04:28 - TokenCachingStore - Construtor (Fim)
DEBUG 2021-08-05 10:04:28 - TokenCachingStore.FetchToken - Obtendo o Token (Início)
DEBUG 2021-08-05 10:04:28 - TokenCachingStore.FetchToken - Obtendo o Token (Fim)
DEBUG 2021-08-05 10:04:28 - TokenCachingStore.FetchToken - Obtendo o Token (Início)
DEBUG 2021-08-05 10:04:28 - TokenCachingStore.FetchToken - Obtendo o Token (Fim)
DEBUG 2021-08-05 10:04:28 - TokenCachingStore - Construtor (Início)
DEBUG 2021-08-05 10:04:28 - TokenCachingStore - Construtor (Fim)
DEBUG 2021-08-05 10:04:28 - TokenCachingStore - Construtor (Início)
DEBUG 2021-08-05 10:04:28 - TokenCachingStore - Construtor (Fim)
DEBUG 2021-08-05 10:04:28 - TokenCachingStore - Construtor (Início)
DEBUG 2021-08-05 10:04:28 - TokenCachingStore - Construtor (Fim)
DEBUG 2021-08-05 10:04:28 - BrandController - Construtor (Início)
DEBUG 2021-08-05 10:04:28 - BrandController - Construtor (Fim)
DEBUG 2021-08-05 10:04:28 - TokenCachingStore - Construtor (Início)
DEBUG 2021-08-05 10:04:28 - TokenCachingStore - Construtor (Fim)
DEBUG 2021-08-05 10:04:28 - TokenCachingStore.FetchToken - Obtendo o Token (Início)
DEBUG 2021-08-05 10:04:28 - TokenCachingStore.FetchToken - Obtendo o Token (Fim)
DEBUG 2021-08-05 10:04:28 - TokenCachingStore.FetchToken - Obtendo o Token (Início)
DEBUG 2021-08-05 10:04:28 - TokenCachingStore.FetchToken - Obtendo o Token (Fim)
DEBUG 2021-08-05 10:04:28 - TokenCachingStore - Construtor (Início)
DEBUG 2021-08-05 10:04:28 - TokenCachingStore - Construtor (Fim)
DEBUG 2021-08-05 10:04:28 - TokenCachingStore - Construtor (Início)
DEBUG 2021-08-05 10:04:28 - TokenCachingStore - Construtor (Fim)
DEBUG 2021-08-05 10:04:28 - TokenCachingStore - Construtor (Início)
DEBUG 2021-08-05 10:04:28 - TokenCachingStore - Construtor (Fim)
DEBUG 2021-08-05 10:04:28 - ----------------------------------------------------
DEBUG 2021-08-05 10:04:28 - LoggedBaseController.OnActionExecutionAsync (Início)
DEBUG 2021-08-05 10:04:28 - IV-USER: 
DEBUG 2021-08-05 10:04:28 - PD-UID: 
DEBUG 2021-08-05 10:04:28 - LoggedBaseController.OnActionExecutionAsync (Fim)
DEBUG 2021-08-05 10:04:28 - next: Microsoft.AspNetCore.Mvc.Filters.ActionExecutionDelegate
DEBUG 2021-08-05 10:04:28 - ----------------------------------------------------
DEBUG 2021-08-05 10:04:28 - TokenCachingStore - Construtor (Início)
DEBUG 2021-08-05 10:04:28 - TokenCachingStore - Construtor (Fim)
DEBUG 2021-08-05 10:04:29 - ----------------------------------------------------
DEBUG 2021-08-05 10:04:29 - LoggedBaseController.OnActionExecutionAsync (Início)
DEBUG 2021-08-05 10:04:29 - IV-USER: 
DEBUG 2021-08-05 10:04:29 - PD-UID: 
DEBUG 2021-08-05 10:04:29 - LoggedBaseController.OnActionExecutionAsync (Fim)
DEBUG 2021-08-05 10:04:29 - next: Microsoft.AspNetCore.Mvc.Filters.ActionExecutionDelegate
DEBUG 2021-08-05 10:04:29 - ----------------------------------------------------
DEBUG 2021-08-05 10:04:29 - TokenCachingStore - Construtor (Início)
DEBUG 2021-08-05 10:04:29 - TokenCachingStore - Construtor (Fim)
DEBUG 2021-08-05 10:04:29 - ----------------------------------------------------
DEBUG 2021-08-05 10:04:29 - LoggedBaseController.OnActionExecutionAsync (Início)
DEBUG 2021-08-05 10:04:29 - TokenCachingStore - Construtor (Início)
DEBUG 2021-08-05 10:04:29 - TokenCachingStore - Construtor (Fim)
DEBUG 2021-08-05 10:04:29 - IV-USER: 
DEBUG 2021-08-05 10:04:29 - PD-UID: 
DEBUG 2021-08-05 10:04:29 - LoggedBaseController.OnActionExecutionAsync (Fim)
DEBUG 2021-08-05 10:04:29 - next: Microsoft.AspNetCore.Mvc.Filters.ActionExecutionDelegate
DEBUG 2021-08-05 10:04:29 - ----------------------------------------------------
DEBUG 2021-08-05 10:04:29 - ----------------------------------------------------
DEBUG 2021-08-05 10:04:29 - LoggedBaseController.OnActionExecutionAsync (Início)
DEBUG 2021-08-05 10:04:29 - IV-USER: 
DEBUG 2021-08-05 10:04:29 - PD-UID: 
DEBUG 2021-08-05 10:04:29 - LoggedBaseController.OnActionExecutionAsync (Fim)
DEBUG 2021-08-05 10:04:29 - next: Microsoft.AspNetCore.Mvc.Filters.ActionExecutionDelegate
DEBUG 2021-08-05 10:04:29 - ----------------------------------------------------
DEBUG 2021-08-05 10:04:29 - TokenCachingStore - Construtor (Início)
DEBUG 2021-08-05 10:04:29 - TokenCachingStore - Construtor (Fim)
DEBUG 2021-08-05 10:04:29 - ----------------------------------------------------
DEBUG 2021-08-05 10:04:29 - LoggedBaseController.OnActionExecutionAsync (Início)
DEBUG 2021-08-05 10:04:29 - IV-USER: 
DEBUG 2021-08-05 10:04:29 - PD-UID: 
DEBUG 2021-08-05 10:04:29 - LoggedBaseController.OnActionExecutionAsync (Fim)
DEBUG 2021-08-05 10:04:29 - next: Microsoft.AspNetCore.Mvc.Filters.ActionExecutionDelegate
DEBUG 2021-08-05 10:04:29 - ----------------------------------------------------
